#
# A fatal error has been detected by the Java Runtime Environment:
#
#  EXCEPTION_ACCESS_VIOLATION (0xc0000005) at pc=0x000000005e4f3b6b, pid=10224, tid=5104
#
# JRE version: Java(TM) SE Runtime Environment (7.0_67-b01) (build 1.7.0_67-b01)
# Java VM: Java HotSpot(TM) 64-Bit Server VM (24.65-b04 mixed mode windows-amd64 compressed oops)
# Problematic frame:
# V  [jvm.dll+0x143b6b]
#
# Failed to write core dump. Minidumps are not enabled by default on client versions of Windows
#
# If you would like to submit a bug report, please visit:
#   http://bugreport.sun.com/bugreport/crash.jsp
#

---------------  T H R E A D  ---------------

Current thread (0x000000000a9f1800):  JavaThread "JDWP Transport Listener: dt_socket" daemon [_thread_in_vm, id=5104, stack(0x000000000c030000,0x000000000c130000)]

siginfo: ExceptionCode=0xc0000005, reading address 0xffffffffffffffff

Registers:
RAX=0x000000000c12f401, RBX=0x000000000a9f1800, RCX=0x003b7265003b3124, RDX=0x0000000000000000
RSP=0x000000000c12f440, RBP=0x003b7265003b3124, RSI=0x000000000c12f558, RDI=0x00000000027a89e0
R8 =0x000000000a9f1800, R9 =0x0000000000000000, R10=0x0000000000000000, R11=0x0000000000000064
R12=0x0000000000000000, R13=0x000000000a9e0218, R14=0x0000000000000000, R15=0x0000000000000000
RIP=0x000000005e4f3b6b, EFLAGS=0x0000000000010206

Top of Stack: (sp=0x000000000c12f440)
0x000000000c12f440:   000000000a9f1800 0000000000000006
0x000000000c12f450:   000000000c12f508 000000005e694dd9
0x000000000c12f460:   000000000a9f1800 000000005e6b2982
0x000000000c12f470:   0000000000000000 000000005fb78e8d
0x000000000c12f480:   000000000a99c3a8 000000005fb82666
0x000000000c12f490:   000000000a9f1800 0000000000000000
0x000000000c12f4a0:   0000000000000000 0000000000000000
0x000000000c12f4b0:   003b7265003b3124 000000005fb8175d
0x000000000c12f4c0:   000000000c12f558 000000000c12f530
0x000000000c12f4d0:   0000000000000001 000000000a99c3a8
0x000000000c12f4e0:   003b7265003b3124 000000005fb653b3
0x000000000c12f4f0:   000000000c12f620 0000000000000001
0x000000000c12f500:   0000000000000001 000000000a99c3a8
0x000000000c12f510:   0000000000000002 0000000000000000
0x000000000c12f520:   0000000000000000 0000000000000000
0x000000000c12f530:   0000000000000001 000000005fb65571 

Instructions: (pc=0x000000005e4f3b6b)
0x000000005e4f3b4b:   48 8b 5c 24 30 48 89 47 18 48 83 c4 20 5f c3 cc
0x000000005e4f3b5b:   cc cc cc cc cc 40 53 48 83 ec 20 48 85 c9 74 54
0x000000005e4f3b6b:   48 8b 19 48 85 db 74 4c 48 b8 fe fe fe fe fe fe
0x000000005e4f3b7b:   fe fe 48 3b d8 74 3d 80 3d 0f 04 61 00 00 74 15 


Register to memory mapping:

RAX=0x000000000c12f401 is pointing into the stack for thread: 0x000000000a9f1800
RBX=0x000000000a9f1800 is a thread
RCX=0x003b7265003b3124 is an unknown value
RDX=0x0000000000000000 is an unknown value
RSP=0x000000000c12f440 is pointing into the stack for thread: 0x000000000a9f1800
RBP=0x003b7265003b3124 is an unknown value
RSI=0x000000000c12f558 is pointing into the stack for thread: 0x000000000a9f1800
RDI=0x00000000027a89e0 is an unknown value
R8 =0x000000000a9f1800 is a thread
R9 =0x0000000000000000 is an unknown value
R10=0x0000000000000000 is an unknown value
R11=0x0000000000000064 is an unknown value
R12=0x0000000000000000 is an unknown value
R13=0x000000000a9e0218 is an unknown value
R14=0x0000000000000000 is an unknown value
R15=0x0000000000000000 is an unknown value


Stack: [0x000000000c030000,0x000000000c130000],  sp=0x000000000c12f440,  free space=1021k
Native frames: (J=compiled Java code, j=interpreted, Vv=VM code, C=native code)
V  [jvm.dll+0x143b6b]


---------------  P R O C E S S  ---------------

Java Threads: ( => current thread )
  0x000000000aa18000 JavaThread "Service Thread" daemon [_thread_blocked, id=16056, stack(0x000000000c530000,0x000000000c630000)]
  0x000000000aa0e000 JavaThread "C2 CompilerThread1" daemon [_thread_blocked, id=900, stack(0x000000000c430000,0x000000000c530000)]
  0x000000000aa0c800 JavaThread "C2 CompilerThread0" daemon [_thread_blocked, id=9260, stack(0x000000000c330000,0x000000000c430000)]
  0x000000000a9f7000 JavaThread "JDWP Command Reader" daemon [_thread_in_native, id=14244, stack(0x000000000c230000,0x000000000c330000)]
  0x000000000a9f4000 JavaThread "JDWP Event Helper Thread" daemon [_thread_blocked, id=11604, stack(0x000000000c130000,0x000000000c230000)]
=>0x000000000a9f1800 JavaThread "JDWP Transport Listener: dt_socket" daemon [_thread_in_vm, id=5104, stack(0x000000000c030000,0x000000000c130000)]
  0x000000000a9e0800 JavaThread "Attach Listener" daemon [_thread_blocked, id=16208, stack(0x000000000be30000,0x000000000bf30000)]
  0x000000000a9d3800 JavaThread "Signal Dispatcher" daemon [_thread_blocked, id=5328, stack(0x000000000bd30000,0x000000000be30000)]
  0x000000000a98f800 JavaThread "Finalizer" daemon [_thread_blocked, id=8100, stack(0x000000000bc30000,0x000000000bd30000)]
  0x000000000a986000 JavaThread "Reference Handler" daemon [_thread_blocked, id=13792, stack(0x000000000bb30000,0x000000000bc30000)]
  0x00000000027ae800 JavaThread "main" [_thread_in_native, id=11956, stack(0x0000000002070000,0x0000000002170000)]

Other Threads:
  0x000000000a982000 VMThread [stack: 0x000000000ba30000,0x000000000bb30000] [id=6700]
  0x000000000aa22800 WatcherThread [stack: 0x000000000c630000,0x000000000c730000] [id=12916]

VM state:not at safepoint (normal execution)

VM Mutex/Monitor currently owned by a thread: None

Heap
 PSYoungGen      total 37888K, used 2624K [0x00000007d5f00000, 0x00000007d8900000, 0x0000000800000000)
  eden space 32768K, 8% used [0x00000007d5f00000,0x00000007d6190310,0x00000007d7f00000)
  from space 5120K, 0% used [0x00000007d8400000,0x00000007d8400000,0x00000007d8900000)
  to   space 5120K, 0% used [0x00000007d7f00000,0x00000007d7f00000,0x00000007d8400000)
 ParOldGen       total 86016K, used 0K [0x0000000781e00000, 0x0000000787200000, 0x00000007d5f00000)
  object space 86016K, 0% used [0x0000000781e00000,0x0000000781e00000,0x0000000787200000)
 PSPermGen       total 21504K, used 2918K [0x000000077cc00000, 0x000000077e100000, 0x0000000781e00000)
  object space 21504K, 13% used [0x000000077cc00000,0x000000077ced98b0,0x000000077e100000)

Card table byte_map: [0x00000000057b0000,0x0000000005bd0000] byte_map_base: 0x0000000001bca000

Polling page: 0x0000000000890000

Code Cache  [0x00000000027b0000, 0x0000000002a20000, 0x00000000057b0000)
 total_blobs=185 nmethods=2 adapters=144 free_code_cache=48765Kb largest_free_block=49917312

Compilation events (4 events):
Event: 12.385 Thread 0x000000000aa0c800    1             java.lang.String::charAt (29 bytes)
Event: 12.400 Thread 0x000000000aa0c800 nmethod 1 0x0000000002810650 code [0x00000000028107a0, 0x0000000002810878]
Event: 12.419 Thread 0x000000000aa0e000    2             java.lang.String::hashCode (55 bytes)
Event: 12.423 Thread 0x000000000aa0e000 nmethod 2 0x000000000280f690 code [0x000000000280f7c0, 0x000000000280f958]

GC Heap History (0 events):
No events

Deoptimization events (0 events):
No events

Internal exceptions (7 events):
Event: 0.037 Thread 0x00000000027ae800 Threw 0x00000007d5f10510 at C:\re\jdk7u67\1368\hotspot\src\share\vm\prims\jni.cpp:3991
Event: 0.295 Thread 0x00000000027ae800 Threw 0x00000007d5f9a878 at C:\re\jdk7u67\1368\hotspot\src\share\vm\prims\jvm.cpp:1244
Event: 12.381 Thread 0x00000000027ae800 Threw 0x00000007d5fa22e8 at C:\re\jdk7u67\1368\hotspot\src\share\vm\prims\jvm.cpp:1244
Event: 12.403 Thread 0x00000000027ae800 Threw 0x00000007d61001a0 at C:\re\jdk7u67\1368\hotspot\src\share\vm\prims\jvm.cpp:1244
Event: 12.403 Thread 0x00000000027ae800 Threw 0x00000007d61002c8 at C:\re\jdk7u67\1368\hotspot\src\share\vm\prims\jvm.cpp:1244
Event: 12.405 Thread 0x00000000027ae800 Threw 0x00000007d6103f40 at C:\re\jdk7u67\1368\hotspot\src\share\vm\prims\jvm.cpp:1244
Event: 12.405 Thread 0x00000000027ae800 Threw 0x00000007d6104068 at C:\re\jdk7u67\1368\hotspot\src\share\vm\prims\jvm.cpp:1244

Events (10 events):
Event: 12.417 loading class 0x000000000a9dc140
Event: 12.417 loading class 0x000000000a9dc140 done
Event: 12.417 loading class 0x000000000a9da700
Event: 12.417 loading class 0x000000000a9da700 done
Event: 12.417 loading class 0x000000000c77d310
Event: 12.417 loading class 0x000000000c77d310 done
Event: 12.419 loading class 0x000000000aa216b0
Event: 12.420 loading class 0x000000000aa216b0 done
Event: 732.047 Executing VM operation: RedefineClasses
Event: 732.047 Executing VM operation: RedefineClasses done


Dynamic libraries:
0x00007ff65a230000 - 0x00007ff65a263000 	C:\Program Files\Java\jdk1.7.0_67\bin\javaw.exe
0x00007ffec42e0000 - 0x00007ffec44a1000 	C:\WINDOWS\SYSTEM32\ntdll.dll
0x00007ffec1ca0000 - 0x00007ffec1d4d000 	C:\WINDOWS\system32\KERNEL32.DLL
0x00007ffec17d0000 - 0x00007ffec19ad000 	C:\WINDOWS\system32\KERNELBASE.dll
0x00007ffebf6f0000 - 0x00007ffebf768000 	C:\WINDOWS\system32\apphelp.dll
0x00007ffec3ca0000 - 0x00007ffec3d46000 	C:\WINDOWS\system32\ADVAPI32.dll
0x00007ffec39d0000 - 0x00007ffec3a6d000 	C:\WINDOWS\system32\msvcrt.dll
0x00007ffec1d50000 - 0x00007ffec1dab000 	C:\WINDOWS\system32\sechost.dll
0x00007ffec3d60000 - 0x00007ffec3e86000 	C:\WINDOWS\system32\RPCRT4.dll
0x00007ffec3a70000 - 0x00007ffec3bbe000 	C:\WINDOWS\system32\USER32.dll
0x00007ffec1fc0000 - 0x00007ffec2146000 	C:\WINDOWS\system32\GDI32.dll
0x00007ffeba0a0000 - 0x00007ffeba314000 	C:\WINDOWS\WinSxS\amd64_microsoft.windows.common-controls_6595b64144ccf1df_6.0.10240.16384_none_f41f7b285750ef43\COMCTL32.dll
0x00007ffec3810000 - 0x00007ffec3846000 	C:\WINDOWS\system32\IMM32.DLL
0x00007ffec3850000 - 0x00007ffec39ac000 	C:\WINDOWS\system32\MSCTF.dll
0x000000005fd90000 - 0x000000005fe62000 	C:\Program Files\Java\jdk1.7.0_67\jre\bin\msvcr100.dll
0x000000005e3b0000 - 0x000000005eb82000 	C:\Program Files\Java\jdk1.7.0_67\jre\bin\server\jvm.dll
0x00007ffec1db0000 - 0x00007ffec1db8000 	C:\WINDOWS\system32\PSAPI.DLL
0x00007ffebf2c0000 - 0x00007ffebf2c9000 	C:\WINDOWS\SYSTEM32\WSOCK32.dll
0x00007ffec3c20000 - 0x00007ffec3c89000 	C:\WINDOWS\system32\WS2_32.dll
0x00007ffec3c90000 - 0x00007ffec3c98000 	C:\WINDOWS\system32\NSI.dll
0x00007ffebf120000 - 0x00007ffebf143000 	C:\WINDOWS\SYSTEM32\WINMM.dll
0x00007ffebf0f0000 - 0x00007ffebf11c000 	C:\WINDOWS\SYSTEM32\WINMMBASE.dll
0x00007ffec1780000 - 0x00007ffec17c4000 	C:\WINDOWS\system32\cfgmgr32.dll
0x00007ffebf0c0000 - 0x00007ffebf0e7000 	C:\WINDOWS\SYSTEM32\DEVOBJ.dll
0x0000000060200000 - 0x000000006020f000 	C:\Program Files\Java\jdk1.7.0_67\jre\bin\verify.dll
0x000000005fd60000 - 0x000000005fd88000 	C:\Program Files\Java\jdk1.7.0_67\jre\bin\java.dll
0x000000005fb60000 - 0x000000005fb95000 	C:\Program Files\Java\jdk1.7.0_67\jre\bin\jdwp.dll
0x000000005fd50000 - 0x000000005fd58000 	C:\Program Files\Java\jdk1.7.0_67\jre\bin\npt.dll
0x000000005fd30000 - 0x000000005fd45000 	C:\Program Files\Java\jdk1.7.0_67\jre\bin\zip.dll
0x000000005fb50000 - 0x000000005fb59000 	C:\Program Files\Java\jdk1.7.0_67\jre\bin\dt_socket.dll
0x00007ffea3930000 - 0x00007ffea3945000 	C:\WINDOWS\system32\napinsp.dll
0x00007ffea3910000 - 0x00007ffea392a000 	C:\WINDOWS\system32\pnrpnsp.dll
0x00007ffebe570000 - 0x00007ffebe588000 	C:\WINDOWS\system32\NLAapi.dll
0x00007ffec0580000 - 0x00007ffec05dd000 	C:\WINDOWS\System32\mswsock.dll
0x00007ffec0320000 - 0x00007ffec03c8000 	C:\WINDOWS\SYSTEM32\DNSAPI.dll
0x00007ffea3900000 - 0x00007ffea390d000 	C:\WINDOWS\System32\winrnr.dll
0x00007ffea38e0000 - 0x00007ffea38f5000 	C:\WINDOWS\system32\wshbth.dll
0x00007ffeb7e50000 - 0x00007ffeb7eb8000 	C:\WINDOWS\System32\fwpuclnt.dll
0x00007ffec0c40000 - 0x00007ffec0c68000 	C:\WINDOWS\SYSTEM32\bcrypt.dll
0x00007ffeb7320000 - 0x00007ffeb732a000 	C:\Windows\System32\rasadhlp.dll
0x000000005fb30000 - 0x000000005fb49000 	C:\Program Files\Java\jdk1.7.0_67\jre\bin\net.dll
0x00007ffe9e260000 - 0x00007ffe9e3ea000 	C:\WINDOWS\SYSTEM32\dbghelp.dll

VM Arguments:
jvm_args: -agentlib:jdwp=transport=dt_socket,suspend=y,address=localhost:58419 -Dfile.encoding=UTF-8 
java_command: com.yuhi.Server -p 11118 -s true
Launcher Type: SUN_STANDARD

Environment Variables:
JAVA_HOME=C:\Program Files\Java\jdk1.7.0_67
CLASSPATH=.;C:\Program Files\Java\jdk1.7.0_67\lib
PATH=C:\Program Files\Java\jdk1.7.0_67\jre\bin;C:\Program Files\Java\jdk1.8.0_101\bin;H:\APP\product\11.2.0\dbhome_1\bin;C:\WINDOWS\system32;C:\WINDOWS;C:\WINDOWS\System32\Wbem;C:\WINDOWS\System32\WindowsPowerShell\v1.0\;C:\Program Files\Microsoft\Web Platform Installer\;C:\Program Files (x86)\Microsoft ASP.NET\ASP.NET Web Pages\v1.0\;C:\Program Files (x86)\Windows Kits\8.0\Windows Performance Toolkit\;C:\Program Files\Microsoft SQL Server\110\Tools\Binn\;C:\Program Files (x86)\Microsoft SQL Server\120\DTS\Binn\;C:\Program Files (x86)\Microsoft SQL Server\Client SDK\ODBC\110\Tools\Binn\;C:\Program Files (x86)\Microsoft SQL Server\120\Tools\Binn\;C:\Program Files (x86)\Microsoft SQL Server\120\Tools\Binn\ManagementStudio\;C:\Program Files (x86)\GtkSharp\2.12\bin;C:\Python27;H:\Mysql\bin;C:\Program Files\Java\jdk1.7.0_67\bin;C:\maven\apache-maven-3.1.1\bin;C:\maven\apache-maven-3.1.1\bin;C:\Ant\bin;D:\androidstudio\platform-tools;C:\curl;F:\Program Files (x86)\nodejs\;C:\Program Files (x86)\VisualSVN\bin;C:\Thrift;C:\Program Files (x86)\EasyFrom Trial\;C:\Program Files (x86)\MacType;C:\Program Files\TortoiseSVN\bin;C:\Cocos\frameworks\cocos2d-x-3.5\tools\cocos2d-console\bin;C:\Users\?????\AppData\Roaming\npm;C:\Users\李森林\AppData\Local\Code\bin;C:\Users\李森林\AppData\Roaming\npm
USERNAME=李森林
OS=Windows_NT
PROCESSOR_IDENTIFIER=Intel64 Family 6 Model 58 Stepping 9, GenuineIntel



---------------  S Y S T E M  ---------------

OS: Windows 8.1 , 64 bit Build 9600 

CPU:total 4 (2 cores per cpu, 2 threads per core) family 6 model 58 stepping 9, cmov, cx8, fxsr, mmx, sse, sse2, sse3, ssse3, sse4.1, sse4.2, popcnt, avx, aes, erms, ht, tsc, tscinvbit, tscinv

Memory: 4k page, physical 8264500k(2312804k free), swap 13489064k(5704256k free)

vm_info: Java HotSpot(TM) 64-Bit Server VM (24.65-b04) for windows-amd64 JRE (1.7.0_67-b01), built on Jul 25 2014 08:55:00 by "java_re" with unknown MS VC++:1600

time: Fri Dec 09 11:17:09 2016
elapsed time: 732 seconds

